JigsawPuzzle309/jsb-default/frameworks/cocos2d-x/cocos/platform/android/libcocos2dx/build/intermediates/manifest_merge_blame_file/release/manifest-merger-blame-release-report.txt
1<?xml version="1.0" encoding="utf-8"?>
2<manifest xmlns:android="http://schemas.android.com/apk/res/android"
3    package="org.cocos2dx.lib" >
4
5    <uses-sdk
6        android:minSdkVersion="21"
6-->android\libcocos2dx\AndroidManifest.xml
7        android:targetSdkVersion="34" />
7-->android\libcocos2dx\AndroidManifest.xml
8
9    <uses-permission android:name="android.permission.ACCESS_NETWORK_STATE" />
9-->android\libcocos2dx\AndroidManifest.xml:3:5-78
9-->android\libcocos2dx\AndroidManifest.xml:3:22-76
10
11</manifest>